Arguments: 
  /Users/stefanispayde/.nvm/versions/node/v7.9.0/bin/node /Users/stefanispayde/.nvm/versions/node/v7.9.0/bin/yarn --global add vue-cli@2.9.1

PATH: 
  /Users/stefanispayde/.nvm/versions/node/v7.9.0/bin:/Users/stefanispayde/.rbenv/shims:/usr/local/heroku/bin:/usr/local/bin:/usr/local/sbin:/usr/local/share/npm/bin:/Users/stefanispayde/.rbenv/bin:/usr/local/bin:/usr/bin:/bin:/usr/sbin:/sbin:/opt/X11/bin

Yarn version: 
  1.5.1

Node version: 
  7.9.0

Platform: 
  darwin x64

npm manifest: 
  No manifest

yarn manifest: 
  No manifest

Lockfile: 
  No lockfile

Trace: 
  Error: Missing list of packages to add to your project.
      at new MessageError (/Users/stefanispayde/.nvm/versions/node/v7.9.0/lib/node_modules/yarn/lib/cli.js:186:110)
      at Object.<anonymous> (/Users/stefanispayde/.nvm/versions/node/v7.9.0/lib/node_modules/yarn/lib/cli.js:40587:13)
      at Generator.next (<anonymous>)
      at step (/Users/stefanispayde/.nvm/versions/node/v7.9.0/lib/node_modules/yarn/lib/cli.js:98:30)
      at /Users/stefanispayde/.nvm/versions/node/v7.9.0/lib/node_modules/yarn/lib/cli.js:116:14
      at F (/Users/stefanispayde/.nvm/versions/node/v7.9.0/lib/node_modules/yarn/lib/cli.js:23451:28)
      at Object.<anonymous> (/Users/stefanispayde/.nvm/versions/node/v7.9.0/lib/node_modules/yarn/lib/cli.js:95:12)
      at Object.run (/Users/stefanispayde/.nvm/versions/node/v7.9.0/lib/node_modules/yarn/lib/cli.js:40599:19)
      at run (/Users/stefanispayde/.nvm/versions/node/v7.9.0/lib/node_modules/yarn/lib/cli.js:89113:20)
      at /Users/stefanispayde/.nvm/versions/node/v7.9.0/lib/node_modules/yarn/lib/cli.js:89423:14
